<?xml version="1.0" encoding="UTF-8"?>
<!-- Generated by org.testng.reporters.JUnitReportReporter -->
<testsuite hostname="LPF1L0CNL" failures="0" tests="1" name="UsuageOfTestNg" time="1.327" errors="0" timestamp="2022-04-12T14:57:50 IST" skipped="0">
  <testcase classname="UsuageOfTestNg" name="sumofcourses" time="1.327"/>
  <system-out/>
</testsuite> <!-- UsuageOfTestNg -->
